<?xml version="1.0" encoding="UTF-8"?>
<!-- Generated by org.testng.reporters.JUnitXMLReporter -->
<testsuite ignored="0" hostname="TrexaiiMae" failures="0" tests="3" name="Default test" time="0.035" errors="0" timestamp="2024-08-05T10:57:52 CST">
  <testcase classname="Streams.StreamIntro" name="StreamCollect" time="0.009"/>
  <testcase classname="Streams.StreamIntro" name="StreamMap" time="0.003"/>
  <testcase classname="Streams.StreamIntro" name="Streamssample" time="0.001"/>
</testsuite> <!-- Default test -->
