<?xml version="1.0" encoding="UTF-8"?>
<testng-results ignored="0" total="1" passed="1" failed="0" skipped="0">
  <reporter-output>
  </reporter-output>
  <suite started-at="2025-09-04T16:10:02 CST" name="ECommerce Suite" finished-at="2025-09-04T16:10:21 CST" duration-ms="18897">
    <groups>
    </groups>
    <test started-at="2025-09-04T16:10:02 CST" name="Add to Cart Test" finished-at="2025-09-04T16:10:21 CST" duration-ms="18897">
      <class name="ECommerce.AddtoCart">
        <test-method is-config="true" signature="setUp()[pri:0, instance:ECommerce.AddtoCart@3ce1e309]" started-at="2025-09-04T16:10:02 CST" name="setUp" finished-at="2025-09-04T16:10:07 CST" duration-ms="4760" status="PASS">
          <reporter-output>
          </reporter-output>
        </test-method> <!-- setUp -->
        <test-method signature="testAddItemsAndVerifyCart()[pri:0, instance:ECommerce.AddtoCart@3ce1e309]" started-at="2025-09-04T16:10:07 CST" name="testAddItemsAndVerifyCart" finished-at="2025-09-04T16:10:21 CST" duration-ms="13958" status="PASS">
          <reporter-output>
          </reporter-output>
        </test-method> <!-- testAddItemsAndVerifyCart -->
        <test-method is-config="true" signature="tearDown()[pri:0, instance:ECommerce.AddtoCart@3ce1e309]" started-at="2025-09-04T16:10:21 CST" name="tearDown" finished-at="2025-09-04T16:10:21 CST" duration-ms="156" status="PASS">
          <reporter-output>
          </reporter-output>
        </test-method> <!-- tearDown -->
      </class> <!-- ECommerce.AddtoCart -->
    </test> <!-- Add to Cart Test -->
  </suite> <!-- ECommerce Suite -->
</testng-results>
