<?xml version="1.0" encoding="UTF-8"?>
<testng-results ignored="0" total="3" passed="3" failed="0" skipped="0">
  <reporter-output>
  </reporter-output>
  <suite started-at="2024-08-05T10:57:51 CST" name="Default suite" finished-at="2024-08-05T10:57:52 CST" duration-ms="35">
    <groups>
    </groups>
    <test started-at="2024-08-05T10:57:51 CST" name="Default test" finished-at="2024-08-05T10:57:52 CST" duration-ms="35">
      <class name="Streams.StreamIntro">
        <test-method signature="StreamCollect()[pri:0, instance:Streams.StreamIntro@3ee37e5a]" started-at="2024-08-05T10:57:52 CST" name="StreamCollect" finished-at="2024-08-05T10:57:52 CST" duration-ms="9" status="PASS">
          <reporter-output>
          </reporter-output>
        </test-method> <!-- StreamCollect -->
        <test-method signature="StreamMap()[pri:0, instance:Streams.StreamIntro@3ee37e5a]" started-at="2024-08-05T10:57:52 CST" name="StreamMap" finished-at="2024-08-05T10:57:52 CST" duration-ms="3" status="PASS">
          <reporter-output>
          </reporter-output>
        </test-method> <!-- StreamMap -->
        <test-method signature="Streamssample()[pri:0, instance:Streams.StreamIntro@3ee37e5a]" started-at="2024-08-05T10:57:52 CST" name="Streamssample" finished-at="2024-08-05T10:57:52 CST" duration-ms="1" status="PASS">
          <reporter-output>
          </reporter-output>
        </test-method> <!-- Streamssample -->
      </class> <!-- Streams.StreamIntro -->
    </test> <!-- Default test -->
  </suite> <!-- Default suite -->
</testng-results>
